{"name":"Book a successful accommodation","id":"accommodation;book-a-successful-accommodation","testSteps":[{"number":1,"description":"Given the user Enter the website","duration":8419,"startTime":"2023-09-28T04:32:02.559-05:00[America/Bogota]","screenshots":[{"screenshot":"de055613b959759f86346369cbaff65fb02250505c83bf2b7a2addbbd162b3db.png","timeStamp":1695893530978}],"result":"SUCCESS","precondition":false,"level":0,"children":[{"number":2,"description":"User opens the https://www.booking.com/","duration":8196,"startTime":"2023-09-28T04:32:02.766-05:00[America/Bogota]","screenshots":[{"screenshot":"de055613b959759f86346369cbaff65fb02250505c83bf2b7a2addbbd162b3db.png","timeStamp":1695893530962}],"result":"SUCCESS","precondition":false,"level":1}]},{"number":3,"description":"When he clicks on the Accommodations option","duration":9508,"startTime":"2023-09-28T04:32:10.980-05:00[America/Bogota]","screenshots":[{"screenshot":"de055613b959759f86346369cbaff65fb02250505c83bf2b7a2addbbd162b3db.png","timeStamp":1695893530987}],"exception":{"errorType":"net.thucydides.core.webdriver.exceptions.ElementShouldBeEnabledException","message":"Expected enabled element was not enabled","stackTrace":[{"declaringClass":"com.co.qvision.tasks.SearchAccommodationTasks","methodName":"performAs","fileName":"SearchAccommodationTasks.java","lineNumber":30},{"declaringClass":"co.com.Senasoft.StepsDefinitions.AccommodationStepDefinition","methodName":"heClicksOnTheAccommodationsOption","fileName":"AccommodationStepDefinition.java","lineNumber":47},{"declaringClass":"cucumber.runner.Runner","methodName":"runPickle","fileName":"Runner.java","lineNumber":80},{"declaringClass":"worker.org.gradle.process.internal.worker.GradleWorkerMain","methodName":"run","fileName":"GradleWorkerMain.java","lineNumber":69},{"declaringClass":"worker.org.gradle.process.internal.worker.GradleWorkerMain","methodName":"main","fileName":"GradleWorkerMain.java","lineNumber":74}],"rootCause":{"errorType":"org.openqa.selenium.TimeoutException","message":"Expected condition failed: waiting for By.xpath: //button[@class\u003d\u0027d47738b911 b7d08821c3\u0027] to be enabled (tried for 5 second(s) with 100 milliseconds interval)","stackTrace":[{"declaringClass":"com.co.qvision.tasks.SearchAccommodationTasks","methodName":"performAs","fileName":"SearchAccommodationTasks.java","lineNumber":30},{"declaringClass":"co.com.Senasoft.StepsDefinitions.AccommodationStepDefinition","methodName":"heClicksOnTheAccommodationsOption","fileName":"AccommodationStepDefinition.java","lineNumber":47},{"declaringClass":"cucumber.runner.Runner","methodName":"runPickle","fileName":"Runner.java","lineNumber":80},{"declaringClass":"worker.org.gradle.process.internal.worker.GradleWorkerMain","methodName":"run","fileName":"GradleWorkerMain.java","lineNumber":69},{"declaringClass":"worker.org.gradle.process.internal.worker.GradleWorkerMain","methodName":"main","fileName":"GradleWorkerMain.java","lineNumber":74}],"rootCause":{"errorType":"org.openqa.selenium.NoSuchElementException","message":"no such element: Unable to locate element: {\"method\":\"xpath\",\"selector\":\"//button[@class\u003d\u0027d47738b911 b7d08821c3\u0027]\"}\n  (Session info: chrome\u003d117.0.5938.132)\nFor documentation on this error, please visit: https://www.seleniumhq.org/exceptions/no_such_element.html\nBuild info: version: \u00273.141.59\u0027, revision: \u0027e82be7d358\u0027, time: \u00272018-11-14T08:17:03\u0027\nSystem info: host: \u0027PC-4\u0027, ip: \u0027192.168.0.138\u0027, os.name: \u0027Windows 10\u0027, os.arch: \u0027amd64\u0027, os.version: \u002710.0\u0027, java.version: \u00271.8.0_161\u0027\nDriver info: org.openqa.selenium.chrome.ChromeDriver\nCapabilities {acceptInsecureCerts: false, browserName: chrome, browserVersion: 117.0.5938.132, chrome: {chromedriverVersion: 116.0.5845.96 (1a3918166880..., userDataDir: C:\\Users\\ASUS\\AppData\\Local...}, fedcm:accounts: true, goog:chromeOptions: {debuggerAddress: localhost:58179}, javascriptEnabled: true, networkConnectionEnabled: false, pageLoadStrategy: normal, platform: WINDOWS, platformName: WINDOWS, proxy: Proxy(), setWindowRect: true, strictFileInteractability: false, timeouts: {implicit: 0, pageLoad: 300000, script: 30000}, unhandledPromptBehavior: dismiss and notify, webauthn:extension:credBlob: true, webauthn:extension:largeBlob: true, webauthn:extension:minPinLength: true, webauthn:extension:prf: true, webauthn:virtualAuthenticators: true}\nSession ID: 34fba5b3109e3055ef66926a1d141716\n*** Element info: {Using\u003dxpath, value\u003d//button[@class\u003d\u0027d47738b911 b7d08821c3\u0027]}","stackTrace":[{"declaringClass":"com.co.qvision.tasks.SearchAccommodationTasks","methodName":"performAs","fileName":"SearchAccommodationTasks.java","lineNumber":30},{"declaringClass":"co.com.Senasoft.StepsDefinitions.AccommodationStepDefinition","methodName":"heClicksOnTheAccommodationsOption","fileName":"AccommodationStepDefinition.java","lineNumber":47},{"declaringClass":"cucumber.runner.Runner","methodName":"runPickle","fileName":"Runner.java","lineNumber":80},{"declaringClass":"worker.org.gradle.process.internal.worker.GradleWorkerMain","methodName":"run","fileName":"GradleWorkerMain.java","lineNumber":69},{"declaringClass":"worker.org.gradle.process.internal.worker.GradleWorkerMain","methodName":"main","fileName":"GradleWorkerMain.java","lineNumber":74}]}}},"result":"FAILURE","precondition":false,"level":0,"children":[{"number":4,"description":"User close message","duration":945,"startTime":"2023-09-28T04:32:10.994-05:00[America/Bogota]","screenshots":[{"screenshot":"c2cd5f26ae40e74c6566ff4e50c13ffd26a37a2ce6fec2a5c5b0f9687030e4c5.png","timeStamp":1695893531939}],"result":"SUCCESS","precondition":false,"level":1,"children":[{"number":5,"description":"User clicks on Ignorar mensaje","duration":922,"startTime":"2023-09-28T04:32:11.008-05:00[America/Bogota]","screenshots":[{"screenshot":"c2cd5f26ae40e74c6566ff4e50c13ffd26a37a2ce6fec2a5c5b0f9687030e4c5.png","timeStamp":1695893531930}],"result":"SUCCESS","precondition":false,"level":2}]},{"number":6,"description":"User search accommodation tasks","duration":8536,"startTime":"2023-09-28T04:32:11.945-05:00[America/Bogota]","screenshots":[{"screenshot":"c2cd5f26ae40e74c6566ff4e50c13ffd26a37a2ce6fec2a5c5b0f9687030e4c5.png","timeStamp":1695893531952}],"exception":{"errorType":"net.thucydides.core.webdriver.exceptions.ElementShouldBeEnabledException","message":"Expected enabled element was not enabled","stackTrace":[{"declaringClass":"com.co.qvision.tasks.SearchAccommodationTasks","methodName":"performAs","fileName":"SearchAccommodationTasks.java","lineNumber":30},{"declaringClass":"co.com.Senasoft.StepsDefinitions.AccommodationStepDefinition","methodName":"heClicksOnTheAccommodationsOption","fileName":"AccommodationStepDefinition.java","lineNumber":47},{"declaringClass":"cucumber.runner.Runner","methodName":"runPickle","fileName":"Runner.java","lineNumber":80},{"declaringClass":"worker.org.gradle.process.internal.worker.GradleWorkerMain","methodName":"run","fileName":"GradleWorkerMain.java","lineNumber":69},{"declaringClass":"worker.org.gradle.process.internal.worker.GradleWorkerMain","methodName":"main","fileName":"GradleWorkerMain.java","lineNumber":74}],"rootCause":{"errorType":"org.openqa.selenium.TimeoutException","message":"Expected condition failed: waiting for By.xpath: //button[@class\u003d\u0027d47738b911 b7d08821c3\u0027] to be enabled (tried for 5 second(s) with 100 milliseconds interval)","stackTrace":[{"declaringClass":"com.co.qvision.tasks.SearchAccommodationTasks","methodName":"performAs","fileName":"SearchAccommodationTasks.java","lineNumber":30},{"declaringClass":"co.com.Senasoft.StepsDefinitions.AccommodationStepDefinition","methodName":"heClicksOnTheAccommodationsOption","fileName":"AccommodationStepDefinition.java","lineNumber":47},{"declaringClass":"cucumber.runner.Runner","methodName":"runPickle","fileName":"Runner.java","lineNumber":80},{"declaringClass":"worker.org.gradle.process.internal.worker.GradleWorkerMain","methodName":"run","fileName":"GradleWorkerMain.java","lineNumber":69},{"declaringClass":"worker.org.gradle.process.internal.worker.GradleWorkerMain","methodName":"main","fileName":"GradleWorkerMain.java","lineNumber":74}],"rootCause":{"errorType":"org.openqa.selenium.NoSuchElementException","message":"no such element: Unable to locate element: {\"method\":\"xpath\",\"selector\":\"//button[@class\u003d\u0027d47738b911 b7d08821c3\u0027]\"}\n  (Session info: chrome\u003d117.0.5938.132)\nFor documentation on this error, please visit: https://www.seleniumhq.org/exceptions/no_such_element.html\nBuild info: version: \u00273.141.59\u0027, revision: \u0027e82be7d358\u0027, time: \u00272018-11-14T08:17:03\u0027\nSystem info: host: \u0027PC-4\u0027, ip: \u0027192.168.0.138\u0027, os.name: \u0027Windows 10\u0027, os.arch: \u0027amd64\u0027, os.version: \u002710.0\u0027, java.version: \u00271.8.0_161\u0027\nDriver info: org.openqa.selenium.chrome.ChromeDriver\nCapabilities {acceptInsecureCerts: false, browserName: chrome, browserVersion: 117.0.5938.132, chrome: {chromedriverVersion: 116.0.5845.96 (1a3918166880..., userDataDir: C:\\Users\\ASUS\\AppData\\Local...}, fedcm:accounts: true, goog:chromeOptions: {debuggerAddress: localhost:58179}, javascriptEnabled: true, networkConnectionEnabled: false, pageLoadStrategy: normal, platform: WINDOWS, platformName: WINDOWS, proxy: Proxy(), setWindowRect: true, strictFileInteractability: false, timeouts: {implicit: 0, pageLoad: 300000, script: 30000}, unhandledPromptBehavior: dismiss and notify, webauthn:extension:credBlob: true, webauthn:extension:largeBlob: true, webauthn:extension:minPinLength: true, webauthn:extension:prf: true, webauthn:virtualAuthenticators: true}\nSession ID: 34fba5b3109e3055ef66926a1d141716\n*** Element info: {Using\u003dxpath, value\u003d//button[@class\u003d\u0027d47738b911 b7d08821c3\u0027]}","stackTrace":[{"declaringClass":"com.co.qvision.tasks.SearchAccommodationTasks","methodName":"performAs","fileName":"SearchAccommodationTasks.java","lineNumber":30},{"declaringClass":"co.com.Senasoft.StepsDefinitions.AccommodationStepDefinition","methodName":"heClicksOnTheAccommodationsOption","fileName":"AccommodationStepDefinition.java","lineNumber":47},{"declaringClass":"cucumber.runner.Runner","methodName":"runPickle","fileName":"Runner.java","lineNumber":80},{"declaringClass":"worker.org.gradle.process.internal.worker.GradleWorkerMain","methodName":"run","fileName":"GradleWorkerMain.java","lineNumber":69},{"declaringClass":"worker.org.gradle.process.internal.worker.GradleWorkerMain","methodName":"main","fileName":"GradleWorkerMain.java","lineNumber":74}]}}},"result":"FAILURE","precondition":false,"level":1,"children":[{"number":7,"description":"User enters \u0027Cali\u0027 into Escribir lugar de hospedaje","duration":327,"startTime":"2023-09-28T04:32:11.962-05:00[America/Bogota]","screenshots":[{"screenshot":"c2cd5f26ae40e74c6566ff4e50c13ffd26a37a2ce6fec2a5c5b0f9687030e4c5.png","timeStamp":1695893531972},{"screenshot":"7fddfdfadd45c015f94b19b68b58dd45da8ef0b516600c04831990c040137e1f.png","timeStamp":1695893532289}],"result":"SUCCESS","precondition":false,"level":2},{"number":8,"description":"User clicks on A単adir fechas de alojamiento","duration":395,"startTime":"2023-09-28T04:32:12.292-05:00[America/Bogota]","screenshots":[{"screenshot":"7fddfdfadd45c015f94b19b68b58dd45da8ef0b516600c04831990c040137e1f.png","timeStamp":1695893532301},{"screenshot":"667023a791f9f321b97d5c2c14c13c754925430522788f7f1231ab578b3a6022.png","timeStamp":1695893532687}],"result":"SUCCESS","precondition":false,"level":2},{"number":9,"description":"User clicks on A単adir fechas de primer chequeo","duration":387,"startTime":"2023-09-28T04:32:12.690-05:00[America/Bogota]","screenshots":[{"screenshot":"667023a791f9f321b97d5c2c14c13c754925430522788f7f1231ab578b3a6022.png","timeStamp":1695893532696},{"screenshot":"9f35e4918ec4f126a43191862621414735d116ab89b25bee3a7bb2679f691cdb.png","timeStamp":1695893533077}],"result":"SUCCESS","precondition":false,"level":2},{"number":10,"description":"User clicks on A単adir fechas de ultimo chequeo","duration":351,"startTime":"2023-09-28T04:32:13.080-05:00[America/Bogota]","screenshots":[{"screenshot":"9f35e4918ec4f126a43191862621414735d116ab89b25bee3a7bb2679f691cdb.png","timeStamp":1695893533088},{"screenshot":"4b4b46d4b8884151c9c12617f8e72cfd7ea051a34fdbd87356882fdf6d4e127d.png","timeStamp":1695893533431}],"result":"SUCCESS","precondition":false,"level":2},{"number":11,"description":"User clicks on A単adir fechas de alojamiento","duration":318,"startTime":"2023-09-28T04:32:13.433-05:00[America/Bogota]","screenshots":[{"screenshot":"4b4b46d4b8884151c9c12617f8e72cfd7ea051a34fdbd87356882fdf6d4e127d.png","timeStamp":1695893533442},{"screenshot":"1d2d7654c898be9644bf1c6df2ee35fb432f08df574ea858e7a1d165708c06f3.png","timeStamp":1695893533751}],"result":"SUCCESS","precondition":false,"level":2},{"number":12,"description":"User clicks on Agregar personas","duration":6721,"startTime":"2023-09-28T04:32:13.754-05:00[America/Bogota]","screenshots":[{"screenshot":"1d2d7654c898be9644bf1c6df2ee35fb432f08df574ea858e7a1d165708c06f3.png","timeStamp":1695893533759},{"screenshot":"1d2d7654c898be9644bf1c6df2ee35fb432f08df574ea858e7a1d165708c06f3.png","htmlSource":"pagesource418159096010289753.html.txt","timeStamp":1695893540467}],"exception":{"errorType":"net.thucydides.core.webdriver.exceptions.ElementShouldBeEnabledException","message":"Expected enabled element was not enabled","stackTrace":[{"declaringClass":"com.co.qvision.tasks.SearchAccommodationTasks","methodName":"performAs","fileName":"SearchAccommodationTasks.java","lineNumber":30},{"declaringClass":"co.com.Senasoft.StepsDefinitions.AccommodationStepDefinition","methodName":"heClicksOnTheAccommodationsOption","fileName":"AccommodationStepDefinition.java","lineNumber":47},{"declaringClass":"cucumber.runner.Runner","methodName":"runPickle","fileName":"Runner.java","lineNumber":80},{"declaringClass":"worker.org.gradle.process.internal.worker.GradleWorkerMain","methodName":"run","fileName":"GradleWorkerMain.java","lineNumber":69},{"declaringClass":"worker.org.gradle.process.internal.worker.GradleWorkerMain","methodName":"main","fileName":"GradleWorkerMain.java","lineNumber":74}],"rootCause":{"errorType":"org.openqa.selenium.TimeoutException","message":"Expected condition failed: waiting for By.xpath: //button[@class\u003d\u0027d47738b911 b7d08821c3\u0027] to be enabled (tried for 5 second(s) with 100 milliseconds interval)","stackTrace":[{"declaringClass":"com.co.qvision.tasks.SearchAccommodationTasks","methodName":"performAs","fileName":"SearchAccommodationTasks.java","lineNumber":30},{"declaringClass":"co.com.Senasoft.StepsDefinitions.AccommodationStepDefinition","methodName":"heClicksOnTheAccommodationsOption","fileName":"AccommodationStepDefinition.java","lineNumber":47},{"declaringClass":"cucumber.runner.Runner","methodName":"runPickle","fileName":"Runner.java","lineNumber":80},{"declaringClass":"worker.org.gradle.process.internal.worker.GradleWorkerMain","methodName":"run","fileName":"GradleWorkerMain.java","lineNumber":69},{"declaringClass":"worker.org.gradle.process.internal.worker.GradleWorkerMain","methodName":"main","fileName":"GradleWorkerMain.java","lineNumber":74}],"rootCause":{"errorType":"org.openqa.selenium.NoSuchElementException","message":"no such element: Unable to locate element: {\"method\":\"xpath\",\"selector\":\"//button[@class\u003d\u0027d47738b911 b7d08821c3\u0027]\"}\n  (Session info: chrome\u003d117.0.5938.132)\nFor documentation on this error, please visit: https://www.seleniumhq.org/exceptions/no_such_element.html\nBuild info: version: \u00273.141.59\u0027, revision: \u0027e82be7d358\u0027, time: \u00272018-11-14T08:17:03\u0027\nSystem info: host: \u0027PC-4\u0027, ip: \u0027192.168.0.138\u0027, os.name: \u0027Windows 10\u0027, os.arch: \u0027amd64\u0027, os.version: \u002710.0\u0027, java.version: \u00271.8.0_161\u0027\nDriver info: org.openqa.selenium.chrome.ChromeDriver\nCapabilities {acceptInsecureCerts: false, browserName: chrome, browserVersion: 117.0.5938.132, chrome: {chromedriverVersion: 116.0.5845.96 (1a3918166880..., userDataDir: C:\\Users\\ASUS\\AppData\\Local...}, fedcm:accounts: true, goog:chromeOptions: {debuggerAddress: localhost:58179}, javascriptEnabled: true, networkConnectionEnabled: false, pageLoadStrategy: normal, platform: WINDOWS, platformName: WINDOWS, proxy: Proxy(), setWindowRect: true, strictFileInteractability: false, timeouts: {implicit: 0, pageLoad: 300000, script: 30000}, unhandledPromptBehavior: dismiss and notify, webauthn:extension:credBlob: true, webauthn:extension:largeBlob: true, webauthn:extension:minPinLength: true, webauthn:extension:prf: true, webauthn:virtualAuthenticators: true}\nSession ID: 34fba5b3109e3055ef66926a1d141716\n*** Element info: {Using\u003dxpath, value\u003d//button[@class\u003d\u0027d47738b911 b7d08821c3\u0027]}","stackTrace":[{"declaringClass":"com.co.qvision.tasks.SearchAccommodationTasks","methodName":"performAs","fileName":"SearchAccommodationTasks.java","lineNumber":30},{"declaringClass":"co.com.Senasoft.StepsDefinitions.AccommodationStepDefinition","methodName":"heClicksOnTheAccommodationsOption","fileName":"AccommodationStepDefinition.java","lineNumber":47},{"declaringClass":"cucumber.runner.Runner","methodName":"runPickle","fileName":"Runner.java","lineNumber":80},{"declaringClass":"worker.org.gradle.process.internal.worker.GradleWorkerMain","methodName":"run","fileName":"GradleWorkerMain.java","lineNumber":69},{"declaringClass":"worker.org.gradle.process.internal.worker.GradleWorkerMain","methodName":"main","fileName":"GradleWorkerMain.java","lineNumber":74}]}}},"result":"FAILURE","precondition":false,"level":2}]}]},{"number":13,"description":"And the search and select one of the results","duration":7,"startTime":"2023-09-28T04:32:20.502-05:00[America/Bogota]","result":"SKIPPED","precondition":false,"level":0},{"number":14,"description":"Then he will have reserved a place of accommodation","duration":5,"startTime":"2023-09-28T04:32:20.510-05:00[America/Bogota]","result":"SKIPPED","precondition":false,"level":0}],"userStory":{"id":"accommodation","storyName":"Accommodation","path":"src/test/resources/features/accommodation.feature","narrative":"  I need to perform actions in the Accommodation module","type":"feature"},"featureTag":{"name":"Features/Accommodation","type":"feature","displayName":"Features/Accommodation"},"title":"Book a successful accommodation","tags":[{"name":"Accommodation","type":"feature","displayName":"Accommodation"},{"name":"Reservationbysearch","type":"tag","displayName":"Reservationbysearch"}],"startTime":"2023-09-28T04:32:02.338-05:00[America/Bogota]","duration":18178,"testFailureCause":{"errorType":"net.thucydides.core.webdriver.exceptions.ElementShouldBeEnabledException","message":"Expected enabled element was not enabled","stackTrace":[{"declaringClass":"com.co.qvision.tasks.SearchAccommodationTasks","methodName":"performAs","fileName":"SearchAccommodationTasks.java","lineNumber":30},{"declaringClass":"co.com.Senasoft.StepsDefinitions.AccommodationStepDefinition","methodName":"heClicksOnTheAccommodationsOption","fileName":"AccommodationStepDefinition.java","lineNumber":47},{"declaringClass":"cucumber.runner.Runner","methodName":"runPickle","fileName":"Runner.java","lineNumber":80},{"declaringClass":"worker.org.gradle.process.internal.worker.GradleWorkerMain","methodName":"run","fileName":"GradleWorkerMain.java","lineNumber":69},{"declaringClass":"worker.org.gradle.process.internal.worker.GradleWorkerMain","methodName":"main","fileName":"GradleWorkerMain.java","lineNumber":74}],"rootCause":{"errorType":"org.openqa.selenium.TimeoutException","message":"Expected condition failed: waiting for By.xpath: //button[@class\u003d\u0027d47738b911 b7d08821c3\u0027] to be enabled (tried for 5 second(s) with 100 milliseconds interval)","stackTrace":[{"declaringClass":"com.co.qvision.tasks.SearchAccommodationTasks","methodName":"performAs","fileName":"SearchAccommodationTasks.java","lineNumber":30},{"declaringClass":"co.com.Senasoft.StepsDefinitions.AccommodationStepDefinition","methodName":"heClicksOnTheAccommodationsOption","fileName":"AccommodationStepDefinition.java","lineNumber":47},{"declaringClass":"cucumber.runner.Runner","methodName":"runPickle","fileName":"Runner.java","lineNumber":80},{"declaringClass":"worker.org.gradle.process.internal.worker.GradleWorkerMain","methodName":"run","fileName":"GradleWorkerMain.java","lineNumber":69},{"declaringClass":"worker.org.gradle.process.internal.worker.GradleWorkerMain","methodName":"main","fileName":"GradleWorkerMain.java","lineNumber":74}],"rootCause":{"errorType":"org.openqa.selenium.NoSuchElementException","message":"no such element: Unable to locate element: {\"method\":\"xpath\",\"selector\":\"//button[@class\u003d\u0027d47738b911 b7d08821c3\u0027]\"}\n  (Session info: chrome\u003d117.0.5938.132)\nFor documentation on this error, please visit: https://www.seleniumhq.org/exceptions/no_such_element.html\nBuild info: version: \u00273.141.59\u0027, revision: \u0027e82be7d358\u0027, time: \u00272018-11-14T08:17:03\u0027\nSystem info: host: \u0027PC-4\u0027, ip: \u0027192.168.0.138\u0027, os.name: \u0027Windows 10\u0027, os.arch: \u0027amd64\u0027, os.version: \u002710.0\u0027, java.version: \u00271.8.0_161\u0027\nDriver info: org.openqa.selenium.chrome.ChromeDriver\nCapabilities {acceptInsecureCerts: false, browserName: chrome, browserVersion: 117.0.5938.132, chrome: {chromedriverVersion: 116.0.5845.96 (1a3918166880..., userDataDir: C:\\Users\\ASUS\\AppData\\Local...}, fedcm:accounts: true, goog:chromeOptions: {debuggerAddress: localhost:58179}, javascriptEnabled: true, networkConnectionEnabled: false, pageLoadStrategy: normal, platform: WINDOWS, platformName: WINDOWS, proxy: Proxy(), setWindowRect: true, strictFileInteractability: false, timeouts: {implicit: 0, pageLoad: 300000, script: 30000}, unhandledPromptBehavior: dismiss and notify, webauthn:extension:credBlob: true, webauthn:extension:largeBlob: true, webauthn:extension:minPinLength: true, webauthn:extension:prf: true, webauthn:virtualAuthenticators: true}\nSession ID: 34fba5b3109e3055ef66926a1d141716\n*** Element info: {Using\u003dxpath, value\u003d//button[@class\u003d\u0027d47738b911 b7d08821c3\u0027]}","stackTrace":[{"declaringClass":"com.co.qvision.tasks.SearchAccommodationTasks","methodName":"performAs","fileName":"SearchAccommodationTasks.java","lineNumber":30},{"declaringClass":"co.com.Senasoft.StepsDefinitions.AccommodationStepDefinition","methodName":"heClicksOnTheAccommodationsOption","fileName":"AccommodationStepDefinition.java","lineNumber":47},{"declaringClass":"cucumber.runner.Runner","methodName":"runPickle","fileName":"Runner.java","lineNumber":80},{"declaringClass":"worker.org.gradle.process.internal.worker.GradleWorkerMain","methodName":"run","fileName":"GradleWorkerMain.java","lineNumber":69},{"declaringClass":"worker.org.gradle.process.internal.worker.GradleWorkerMain","methodName":"main","fileName":"GradleWorkerMain.java","lineNumber":74}]}}},"testFailureClassname":"net.thucydides.core.webdriver.exceptions.ElementShouldBeEnabledException","testFailureMessage":"Expected enabled element was not enabled","testFailureSummary":"FAILURE;net.thucydides.core.webdriver.exceptions.ElementShouldBeEnabledException;Expected enabled element was not enabled;SearchAccommodationTasks.java","projectKey":"","annotatedResult":"FAILURE","sessionId":"34fba5b3109e3055ef66926a1d141716","driver":"chrome","isManualTestingUpToDate":false,"manual":false,"testSource":"Cucumber","actors":[{"name":"User","can":["browse the web"]}],"result":"FAILURE"}