{"name":"Add Items","id":"favorites-snd-saved;add-items","testSteps":[{"number":1,"description":"Example: {email\u003dlenovo.esucre@gmail.com, password\u003d3Felipe180}","duration":124777,"startTime":"2023-09-27T19:40:58.172-05:00[America/Bogota]","exception":{"errorType":"net.thucydides.core.webdriver.exceptions.ElementShouldBeEnabledException","message":"Expected enabled element was not enabled","stackTrace":[{"declaringClass":"com.co.qvision.tasks.OpenModuleSaveTask","methodName":"performAs","fileName":"OpenModuleSaveTask.java","lineNumber":13},{"declaringClass":"co.com.Senasoft.StepsDefinitions.YourCountStepDefinition","methodName":"theUserSelectsItemsForFavorites","fileName":"YourCountStepDefinition.java","lineNumber":21},{"declaringClass":"cucumber.runner.Runner","methodName":"runPickle","fileName":"Runner.java","lineNumber":80},{"declaringClass":"worker.org.gradle.process.internal.worker.GradleWorkerMain","methodName":"run","fileName":"GradleWorkerMain.java","lineNumber":69},{"declaringClass":"worker.org.gradle.process.internal.worker.GradleWorkerMain","methodName":"main","fileName":"GradleWorkerMain.java","lineNumber":74}],"rootCause":{"errorType":"org.openqa.selenium.TimeoutException","message":"Expected condition failed: waiting for By.xpath: //button[@data-testid\u003d\u0027header-profile\u0027] to be enabled (tried for 5 second(s) with 100 milliseconds interval)","stackTrace":[{"declaringClass":"com.co.qvision.tasks.OpenModuleSaveTask","methodName":"performAs","fileName":"OpenModuleSaveTask.java","lineNumber":13},{"declaringClass":"co.com.Senasoft.StepsDefinitions.YourCountStepDefinition","methodName":"theUserSelectsItemsForFavorites","fileName":"YourCountStepDefinition.java","lineNumber":21},{"declaringClass":"cucumber.runner.Runner","methodName":"runPickle","fileName":"Runner.java","lineNumber":80},{"declaringClass":"worker.org.gradle.process.internal.worker.GradleWorkerMain","methodName":"run","fileName":"GradleWorkerMain.java","lineNumber":69},{"declaringClass":"worker.org.gradle.process.internal.worker.GradleWorkerMain","methodName":"main","fileName":"GradleWorkerMain.java","lineNumber":74}],"rootCause":{"errorType":"org.openqa.selenium.NoSuchElementException","message":"no such element: Unable to locate element: {\"method\":\"xpath\",\"selector\":\"//button[@data-testid\u003d\u0027header-profile\u0027]\"}\n  (Session info: chrome\u003d117.0.5938.92)\nFor documentation on this error, please visit: https://www.seleniumhq.org/exceptions/no_such_element.html\nBuild info: version: \u00273.141.59\u0027, revision: \u0027e82be7d358\u0027, time: \u00272018-11-14T08:17:03\u0027\nSystem info: host: \u0027DESKTOP-EBETFGH\u0027, ip: \u0027172.18.1.251\u0027, os.name: \u0027Windows 10\u0027, os.arch: \u0027amd64\u0027, os.version: \u002710.0\u0027, java.version: \u00271.8.0_161\u0027\nDriver info: org.openqa.selenium.chrome.ChromeDriver\nCapabilities {acceptInsecureCerts: false, browserName: chrome, browserVersion: 117.0.5938.92, chrome: {chromedriverVersion: 116.0.5845.96 (1a3918166880..., userDataDir: C:\\Users\\SENA\\AppData\\Local...}, fedcm:accounts: true, goog:chromeOptions: {debuggerAddress: localhost:54637}, javascriptEnabled: true, networkConnectionEnabled: false, pageLoadStrategy: normal, platform: WINDOWS, platformName: WINDOWS, proxy: Proxy(), setWindowRect: true, strictFileInteractability: false, timeouts: {implicit: 0, pageLoad: 300000, script: 30000}, unhandledPromptBehavior: dismiss and notify, webauthn:extension:credBlob: true, webauthn:extension:largeBlob: true, webauthn:extension:minPinLength: true, webauthn:extension:prf: true, webauthn:virtualAuthenticators: true}\nSession ID: ce2247f6b2b0e4bb425611f0a6c37bea\n*** Element info: {Using\u003dxpath, value\u003d//button[@data-testid\u003d\u0027header-profile\u0027]}","stackTrace":[{"declaringClass":"com.co.qvision.tasks.OpenModuleSaveTask","methodName":"performAs","fileName":"OpenModuleSaveTask.java","lineNumber":13},{"declaringClass":"co.com.Senasoft.StepsDefinitions.YourCountStepDefinition","methodName":"theUserSelectsItemsForFavorites","fileName":"YourCountStepDefinition.java","lineNumber":21},{"declaringClass":"cucumber.runner.Runner","methodName":"runPickle","fileName":"Runner.java","lineNumber":80},{"declaringClass":"worker.org.gradle.process.internal.worker.GradleWorkerMain","methodName":"run","fileName":"GradleWorkerMain.java","lineNumber":69},{"declaringClass":"worker.org.gradle.process.internal.worker.GradleWorkerMain","methodName":"main","fileName":"GradleWorkerMain.java","lineNumber":74}]}}},"result":"FAILURE","precondition":false,"level":0,"children":[{"number":2,"description":"Given the user Enter the website","duration":7510,"startTime":"2023-09-27T19:40:58.343-05:00[America/Bogota]","screenshots":[{"screenshot":"7e876cf5495c2d746099b96c5fc771c3cdeeca221441676914e6f7f44e5c4a24.png","timeStamp":1695861665853}],"result":"SUCCESS","precondition":false,"level":1,"children":[{"number":3,"description":"User opens the https://www.booking.com/","duration":7110,"startTime":"2023-09-27T19:40:58.708-05:00[America/Bogota]","screenshots":[{"screenshot":"7e876cf5495c2d746099b96c5fc771c3cdeeca221441676914e6f7f44e5c4a24.png","timeStamp":1695861665817}],"result":"SUCCESS","precondition":false,"level":2}]},{"number":4,"description":"When the user selects items for favorites\r\n| email | password |\r\n| lenovo.esucre@gmail.com | 3Felipe180 |","duration":117080,"startTime":"2023-09-27T19:41:05.855-05:00[America/Bogota]","screenshots":[{"screenshot":"8576fb21279d331f7f6fb57c7afb4befde633d49f42b3058c008c5cfb2d9c236.png","timeStamp":1695861666160}],"exception":{"errorType":"net.thucydides.core.webdriver.exceptions.ElementShouldBeEnabledException","message":"Expected enabled element was not enabled","stackTrace":[{"declaringClass":"com.co.qvision.tasks.OpenModuleSaveTask","methodName":"performAs","fileName":"OpenModuleSaveTask.java","lineNumber":13},{"declaringClass":"co.com.Senasoft.StepsDefinitions.YourCountStepDefinition","methodName":"theUserSelectsItemsForFavorites","fileName":"YourCountStepDefinition.java","lineNumber":21},{"declaringClass":"cucumber.runner.Runner","methodName":"runPickle","fileName":"Runner.java","lineNumber":80},{"declaringClass":"worker.org.gradle.process.internal.worker.GradleWorkerMain","methodName":"run","fileName":"GradleWorkerMain.java","lineNumber":69},{"declaringClass":"worker.org.gradle.process.internal.worker.GradleWorkerMain","methodName":"main","fileName":"GradleWorkerMain.java","lineNumber":74}],"rootCause":{"errorType":"org.openqa.selenium.TimeoutException","message":"Expected condition failed: waiting for By.xpath: //button[@data-testid\u003d\u0027header-profile\u0027] to be enabled (tried for 5 second(s) with 100 milliseconds interval)","stackTrace":[{"declaringClass":"com.co.qvision.tasks.OpenModuleSaveTask","methodName":"performAs","fileName":"OpenModuleSaveTask.java","lineNumber":13},{"declaringClass":"co.com.Senasoft.StepsDefinitions.YourCountStepDefinition","methodName":"theUserSelectsItemsForFavorites","fileName":"YourCountStepDefinition.java","lineNumber":21},{"declaringClass":"cucumber.runner.Runner","methodName":"runPickle","fileName":"Runner.java","lineNumber":80},{"declaringClass":"worker.org.gradle.process.internal.worker.GradleWorkerMain","methodName":"run","fileName":"GradleWorkerMain.java","lineNumber":69},{"declaringClass":"worker.org.gradle.process.internal.worker.GradleWorkerMain","methodName":"main","fileName":"GradleWorkerMain.java","lineNumber":74}],"rootCause":{"errorType":"org.openqa.selenium.NoSuchElementException","message":"no such element: Unable to locate element: {\"method\":\"xpath\",\"selector\":\"//button[@data-testid\u003d\u0027header-profile\u0027]\"}\n  (Session info: chrome\u003d117.0.5938.92)\nFor documentation on this error, please visit: https://www.seleniumhq.org/exceptions/no_such_element.html\nBuild info: version: \u00273.141.59\u0027, revision: \u0027e82be7d358\u0027, time: \u00272018-11-14T08:17:03\u0027\nSystem info: host: \u0027DESKTOP-EBETFGH\u0027, ip: \u0027172.18.1.251\u0027, os.name: \u0027Windows 10\u0027, os.arch: \u0027amd64\u0027, os.version: \u002710.0\u0027, java.version: \u00271.8.0_161\u0027\nDriver info: org.openqa.selenium.chrome.ChromeDriver\nCapabilities {acceptInsecureCerts: false, browserName: chrome, browserVersion: 117.0.5938.92, chrome: {chromedriverVersion: 116.0.5845.96 (1a3918166880..., userDataDir: C:\\Users\\SENA\\AppData\\Local...}, fedcm:accounts: true, goog:chromeOptions: {debuggerAddress: localhost:54637}, javascriptEnabled: true, networkConnectionEnabled: false, pageLoadStrategy: normal, platform: WINDOWS, platformName: WINDOWS, proxy: Proxy(), setWindowRect: true, strictFileInteractability: false, timeouts: {implicit: 0, pageLoad: 300000, script: 30000}, unhandledPromptBehavior: dismiss and notify, webauthn:extension:credBlob: true, webauthn:extension:largeBlob: true, webauthn:extension:minPinLength: true, webauthn:extension:prf: true, webauthn:virtualAuthenticators: true}\nSession ID: ce2247f6b2b0e4bb425611f0a6c37bea\n*** Element info: {Using\u003dxpath, value\u003d//button[@data-testid\u003d\u0027header-profile\u0027]}","stackTrace":[{"declaringClass":"com.co.qvision.tasks.OpenModuleSaveTask","methodName":"performAs","fileName":"OpenModuleSaveTask.java","lineNumber":13},{"declaringClass":"co.com.Senasoft.StepsDefinitions.YourCountStepDefinition","methodName":"theUserSelectsItemsForFavorites","fileName":"YourCountStepDefinition.java","lineNumber":21},{"declaringClass":"cucumber.runner.Runner","methodName":"runPickle","fileName":"Runner.java","lineNumber":80},{"declaringClass":"worker.org.gradle.process.internal.worker.GradleWorkerMain","methodName":"run","fileName":"GradleWorkerMain.java","lineNumber":69},{"declaringClass":"worker.org.gradle.process.internal.worker.GradleWorkerMain","methodName":"main","fileName":"GradleWorkerMain.java","lineNumber":74}]}}},"result":"FAILURE","precondition":false,"level":1,"children":[{"number":5,"description":"User close message","duration":1218,"startTime":"2023-09-27T19:41:06.203-05:00[America/Bogota]","screenshots":[{"screenshot":"8576fb21279d331f7f6fb57c7afb4befde633d49f42b3058c008c5cfb2d9c236.png","timeStamp":1695861666462},{"screenshot":"c5a16a9e20ce4671bc05ef4f2e0b3ae8cbd59a6cfd6d70d4823925ae7b0a36fb.png","timeStamp":1695861667420}],"result":"SUCCESS","precondition":false,"level":2,"children":[{"number":6,"description":"User clicks on Ignorar mensaje","duration":919,"startTime":"2023-09-27T19:41:06.481-05:00[America/Bogota]","screenshots":[{"screenshot":"8576fb21279d331f7f6fb57c7afb4befde633d49f42b3058c008c5cfb2d9c236.png","timeStamp":1695861666504},{"screenshot":"c5a16a9e20ce4671bc05ef4f2e0b3ae8cbd59a6cfd6d70d4823925ae7b0a36fb.png","timeStamp":1695861667400}],"result":"SUCCESS","precondition":false,"level":3}]},{"number":7,"description":"User open login tasks","duration":2834,"startTime":"2023-09-27T19:41:07.427-05:00[America/Bogota]","screenshots":[{"screenshot":"c5a16a9e20ce4671bc05ef4f2e0b3ae8cbd59a6cfd6d70d4823925ae7b0a36fb.png","timeStamp":1695861667443},{"screenshot":"a82ab7c93eff4ead9e2c80a0318f1674397dd07cc0d7d0e7e2980fb492c8d715.png","timeStamp":1695861670261}],"result":"SUCCESS","precondition":false,"level":2,"children":[{"number":8,"description":"User clicks on Boton para login","duration":2786,"startTime":"2023-09-27T19:41:07.455-05:00[America/Bogota]","screenshots":[{"screenshot":"7e876cf5495c2d746099b96c5fc771c3cdeeca221441676914e6f7f44e5c4a24.png","timeStamp":1695861667616},{"screenshot":"a82ab7c93eff4ead9e2c80a0318f1674397dd07cc0d7d0e7e2980fb492c8d715.png","timeStamp":1695861670241}],"result":"SUCCESS","precondition":false,"level":3}]},{"number":9,"description":"User enter email task","duration":105888,"startTime":"2023-09-27T19:41:10.270-05:00[America/Bogota]","screenshots":[{"screenshot":"a82ab7c93eff4ead9e2c80a0318f1674397dd07cc0d7d0e7e2980fb492c8d715.png","timeStamp":1695861670284},{"screenshot":"5020bc7cdd5c5f7d0196e00f7562971639c9a47ecd392b62ca4ee52e4bbc3fb9.png","timeStamp":1695861776158}],"result":"SUCCESS","precondition":false,"level":2,"children":[{"number":10,"description":"User enters \u0027lenovo.esucre@gmail.com\u0027 into Escribir email","duration":912,"startTime":"2023-09-27T19:41:10.299-05:00[America/Bogota]","screenshots":[{"screenshot":"9d5431e807a7839a0c68679be023d3919ba3f9ca0d6a00b7fbdc546bed927768.png","timeStamp":1695861670431},{"screenshot":"3d9f27b8a2d03e66496ad03a9a43779745b5bf809a22e5ae155926f0473e309d.png","timeStamp":1695861671211}],"result":"SUCCESS","precondition":false,"level":3},{"number":11,"description":"User clicks on Boton para continuar","duration":740,"startTime":"2023-09-27T19:41:11.216-05:00[America/Bogota]","screenshots":[{"screenshot":"3d9f27b8a2d03e66496ad03a9a43779745b5bf809a22e5ae155926f0473e309d.png","timeStamp":1695861671240},{"screenshot":"343c3bff3ad7ccc3dcf58e2e6f70a0acdcbd3f84518db9ed61e59e85f6f7ce5a.png","timeStamp":1695861671956}],"result":"SUCCESS","precondition":false,"level":3},{"number":12,"description":"User enters \u00273Felipe180\u0027 into Escribir contrase√±a","duration":683,"startTime":"2023-09-27T19:41:14.966-05:00[America/Bogota]","screenshots":[{"screenshot":"4754f246b389231d183dd940bca01d5f604386ae9bf1fda250a4f22e74ca67e3.png","timeStamp":1695861675094},{"screenshot":"b7a0bee760f50cd2674c2b3bc211b4b3ea927eac227ca2a3e5dedbf5ea791e33.png","timeStamp":1695861675649}],"result":"SUCCESS","precondition":false,"level":3},{"number":13,"description":"User clicks on Boton para login","duration":428,"startTime":"2023-09-27T19:41:15.654-05:00[America/Bogota]","screenshots":[{"screenshot":"b7a0bee760f50cd2674c2b3bc211b4b3ea927eac227ca2a3e5dedbf5ea791e33.png","timeStamp":1695861675666},{"screenshot":"6f0f4e95d3f89ef129fc20909a79305f3392a844189d931f1d99a90b18fbace4.png","timeStamp":1695861676081}],"result":"SUCCESS","precondition":false,"level":3}]},{"number":14,"description":"User open module save task","duration":6747,"startTime":"2023-09-27T19:42:56.168-05:00[America/Bogota]","screenshots":[{"screenshot":"5020bc7cdd5c5f7d0196e00f7562971639c9a47ecd392b62ca4ee52e4bbc3fb9.png","timeStamp":1695861776181}],"exception":{"errorType":"net.thucydides.core.webdriver.exceptions.ElementShouldBeEnabledException","message":"Expected enabled element was not enabled","stackTrace":[{"declaringClass":"com.co.qvision.tasks.OpenModuleSaveTask","methodName":"performAs","fileName":"OpenModuleSaveTask.java","lineNumber":13},{"declaringClass":"co.com.Senasoft.StepsDefinitions.YourCountStepDefinition","methodName":"theUserSelectsItemsForFavorites","fileName":"YourCountStepDefinition.java","lineNumber":21},{"declaringClass":"cucumber.runner.Runner","methodName":"runPickle","fileName":"Runner.java","lineNumber":80},{"declaringClass":"worker.org.gradle.process.internal.worker.GradleWorkerMain","methodName":"run","fileName":"GradleWorkerMain.java","lineNumber":69},{"declaringClass":"worker.org.gradle.process.internal.worker.GradleWorkerMain","methodName":"main","fileName":"GradleWorkerMain.java","lineNumber":74}],"rootCause":{"errorType":"org.openqa.selenium.TimeoutException","message":"Expected condition failed: waiting for By.xpath: //button[@data-testid\u003d\u0027header-profile\u0027] to be enabled (tried for 5 second(s) with 100 milliseconds interval)","stackTrace":[{"declaringClass":"com.co.qvision.tasks.OpenModuleSaveTask","methodName":"performAs","fileName":"OpenModuleSaveTask.java","lineNumber":13},{"declaringClass":"co.com.Senasoft.StepsDefinitions.YourCountStepDefinition","methodName":"theUserSelectsItemsForFavorites","fileName":"YourCountStepDefinition.java","lineNumber":21},{"declaringClass":"cucumber.runner.Runner","methodName":"runPickle","fileName":"Runner.java","lineNumber":80},{"declaringClass":"worker.org.gradle.process.internal.worker.GradleWorkerMain","methodName":"run","fileName":"GradleWorkerMain.java","lineNumber":69},{"declaringClass":"worker.org.gradle.process.internal.worker.GradleWorkerMain","methodName":"main","fileName":"GradleWorkerMain.java","lineNumber":74}],"rootCause":{"errorType":"org.openqa.selenium.NoSuchElementException","message":"no such element: Unable to locate element: {\"method\":\"xpath\",\"selector\":\"//button[@data-testid\u003d\u0027header-profile\u0027]\"}\n  (Session info: chrome\u003d117.0.5938.92)\nFor documentation on this error, please visit: https://www.seleniumhq.org/exceptions/no_such_element.html\nBuild info: version: \u00273.141.59\u0027, revision: \u0027e82be7d358\u0027, time: \u00272018-11-14T08:17:03\u0027\nSystem info: host: \u0027DESKTOP-EBETFGH\u0027, ip: \u0027172.18.1.251\u0027, os.name: \u0027Windows 10\u0027, os.arch: \u0027amd64\u0027, os.version: \u002710.0\u0027, java.version: \u00271.8.0_161\u0027\nDriver info: org.openqa.selenium.chrome.ChromeDriver\nCapabilities {acceptInsecureCerts: false, browserName: chrome, browserVersion: 117.0.5938.92, chrome: {chromedriverVersion: 116.0.5845.96 (1a3918166880..., userDataDir: C:\\Users\\SENA\\AppData\\Local...}, fedcm:accounts: true, goog:chromeOptions: {debuggerAddress: localhost:54637}, javascriptEnabled: true, networkConnectionEnabled: false, pageLoadStrategy: normal, platform: WINDOWS, platformName: WINDOWS, proxy: Proxy(), setWindowRect: true, strictFileInteractability: false, timeouts: {implicit: 0, pageLoad: 300000, script: 30000}, unhandledPromptBehavior: dismiss and notify, webauthn:extension:credBlob: true, webauthn:extension:largeBlob: true, webauthn:extension:minPinLength: true, webauthn:extension:prf: true, webauthn:virtualAuthenticators: true}\nSession ID: ce2247f6b2b0e4bb425611f0a6c37bea\n*** Element info: {Using\u003dxpath, value\u003d//button[@data-testid\u003d\u0027header-profile\u0027]}","stackTrace":[{"declaringClass":"com.co.qvision.tasks.OpenModuleSaveTask","methodName":"performAs","fileName":"OpenModuleSaveTask.java","lineNumber":13},{"declaringClass":"co.com.Senasoft.StepsDefinitions.YourCountStepDefinition","methodName":"theUserSelectsItemsForFavorites","fileName":"YourCountStepDefinition.java","lineNumber":21},{"declaringClass":"cucumber.runner.Runner","methodName":"runPickle","fileName":"Runner.java","lineNumber":80},{"declaringClass":"worker.org.gradle.process.internal.worker.GradleWorkerMain","methodName":"run","fileName":"GradleWorkerMain.java","lineNumber":69},{"declaringClass":"worker.org.gradle.process.internal.worker.GradleWorkerMain","methodName":"main","fileName":"GradleWorkerMain.java","lineNumber":74}]}}},"result":"FAILURE","precondition":false,"level":2,"children":[{"number":15,"description":"User clicks on Ir al modulo de perfil","duration":6710,"startTime":"2023-09-27T19:42:56.190-05:00[America/Bogota]","screenshots":[{"screenshot":"5020bc7cdd5c5f7d0196e00f7562971639c9a47ecd392b62ca4ee52e4bbc3fb9.png","timeStamp":1695861776207},{"screenshot":"2d3766e6c6dbd9d153cce809f67ba2ca54a1aa751f44947805a78e67c625ee1c.png","htmlSource":"pagesource7703050802131040712.html.txt","timeStamp":1695861782893}],"exception":{"errorType":"net.thucydides.core.webdriver.exceptions.ElementShouldBeEnabledException","message":"Expected enabled element was not enabled","stackTrace":[{"declaringClass":"com.co.qvision.tasks.OpenModuleSaveTask","methodName":"performAs","fileName":"OpenModuleSaveTask.java","lineNumber":13},{"declaringClass":"co.com.Senasoft.StepsDefinitions.YourCountStepDefinition","methodName":"theUserSelectsItemsForFavorites","fileName":"YourCountStepDefinition.java","lineNumber":21},{"declaringClass":"cucumber.runner.Runner","methodName":"runPickle","fileName":"Runner.java","lineNumber":80},{"declaringClass":"worker.org.gradle.process.internal.worker.GradleWorkerMain","methodName":"run","fileName":"GradleWorkerMain.java","lineNumber":69},{"declaringClass":"worker.org.gradle.process.internal.worker.GradleWorkerMain","methodName":"main","fileName":"GradleWorkerMain.java","lineNumber":74}],"rootCause":{"errorType":"org.openqa.selenium.TimeoutException","message":"Expected condition failed: waiting for By.xpath: //button[@data-testid\u003d\u0027header-profile\u0027] to be enabled (tried for 5 second(s) with 100 milliseconds interval)","stackTrace":[{"declaringClass":"com.co.qvision.tasks.OpenModuleSaveTask","methodName":"performAs","fileName":"OpenModuleSaveTask.java","lineNumber":13},{"declaringClass":"co.com.Senasoft.StepsDefinitions.YourCountStepDefinition","methodName":"theUserSelectsItemsForFavorites","fileName":"YourCountStepDefinition.java","lineNumber":21},{"declaringClass":"cucumber.runner.Runner","methodName":"runPickle","fileName":"Runner.java","lineNumber":80},{"declaringClass":"worker.org.gradle.process.internal.worker.GradleWorkerMain","methodName":"run","fileName":"GradleWorkerMain.java","lineNumber":69},{"declaringClass":"worker.org.gradle.process.internal.worker.GradleWorkerMain","methodName":"main","fileName":"GradleWorkerMain.java","lineNumber":74}],"rootCause":{"errorType":"org.openqa.selenium.NoSuchElementException","message":"no such element: Unable to locate element: {\"method\":\"xpath\",\"selector\":\"//button[@data-testid\u003d\u0027header-profile\u0027]\"}\n  (Session info: chrome\u003d117.0.5938.92)\nFor documentation on this error, please visit: https://www.seleniumhq.org/exceptions/no_such_element.html\nBuild info: version: \u00273.141.59\u0027, revision: \u0027e82be7d358\u0027, time: \u00272018-11-14T08:17:03\u0027\nSystem info: host: \u0027DESKTOP-EBETFGH\u0027, ip: \u0027172.18.1.251\u0027, os.name: \u0027Windows 10\u0027, os.arch: \u0027amd64\u0027, os.version: \u002710.0\u0027, java.version: \u00271.8.0_161\u0027\nDriver info: org.openqa.selenium.chrome.ChromeDriver\nCapabilities {acceptInsecureCerts: false, browserName: chrome, browserVersion: 117.0.5938.92, chrome: {chromedriverVersion: 116.0.5845.96 (1a3918166880..., userDataDir: C:\\Users\\SENA\\AppData\\Local...}, fedcm:accounts: true, goog:chromeOptions: {debuggerAddress: localhost:54637}, javascriptEnabled: true, networkConnectionEnabled: false, pageLoadStrategy: normal, platform: WINDOWS, platformName: WINDOWS, proxy: Proxy(), setWindowRect: true, strictFileInteractability: false, timeouts: {implicit: 0, pageLoad: 300000, script: 30000}, unhandledPromptBehavior: dismiss and notify, webauthn:extension:credBlob: true, webauthn:extension:largeBlob: true, webauthn:extension:minPinLength: true, webauthn:extension:prf: true, webauthn:virtualAuthenticators: true}\nSession ID: ce2247f6b2b0e4bb425611f0a6c37bea\n*** Element info: {Using\u003dxpath, value\u003d//button[@data-testid\u003d\u0027header-profile\u0027]}","stackTrace":[{"declaringClass":"com.co.qvision.tasks.OpenModuleSaveTask","methodName":"performAs","fileName":"OpenModuleSaveTask.java","lineNumber":13},{"declaringClass":"co.com.Senasoft.StepsDefinitions.YourCountStepDefinition","methodName":"theUserSelectsItemsForFavorites","fileName":"YourCountStepDefinition.java","lineNumber":21},{"declaringClass":"cucumber.runner.Runner","methodName":"runPickle","fileName":"Runner.java","lineNumber":80},{"declaringClass":"worker.org.gradle.process.internal.worker.GradleWorkerMain","methodName":"run","fileName":"GradleWorkerMain.java","lineNumber":69},{"declaringClass":"worker.org.gradle.process.internal.worker.GradleWorkerMain","methodName":"main","fileName":"GradleWorkerMain.java","lineNumber":74}]}}},"result":"FAILURE","precondition":false,"level":3}]}]}]},{"number":16,"description":"Then he will see these elements in his profile","duration":23,"startTime":"2023-09-27T19:43:02.968-05:00[America/Bogota]","result":"SKIPPED","precondition":false,"level":0}],"userStory":{"id":"favorites-snd-saved","storyName":"Favorites snd saved","path":"src/test/resources/features/yourcount.feature","narrative":"  i need add and eliminate some","type":"feature"},"featureTag":{"name":"Features/Favorites snd saved","type":"feature","displayName":"Features/Favorites snd saved"},"title":"Add Items","tags":[{"name":"Favorites snd saved","type":"feature","displayName":"Favorites snd saved"},{"name":"AddItems","type":"tag","displayName":"AddItems"}],"startTime":"2023-09-27T19:40:58.018-05:00[America/Bogota]","duration":125793,"testFailureCause":{"errorType":"net.thucydides.core.webdriver.exceptions.ElementShouldBeEnabledException","message":"Expected enabled element was not enabled","stackTrace":[{"declaringClass":"com.co.qvision.tasks.OpenModuleSaveTask","methodName":"performAs","fileName":"OpenModuleSaveTask.java","lineNumber":13},{"declaringClass":"co.com.Senasoft.StepsDefinitions.YourCountStepDefinition","methodName":"theUserSelectsItemsForFavorites","fileName":"YourCountStepDefinition.java","lineNumber":21},{"declaringClass":"cucumber.runner.Runner","methodName":"runPickle","fileName":"Runner.java","lineNumber":80},{"declaringClass":"worker.org.gradle.process.internal.worker.GradleWorkerMain","methodName":"run","fileName":"GradleWorkerMain.java","lineNumber":69},{"declaringClass":"worker.org.gradle.process.internal.worker.GradleWorkerMain","methodName":"main","fileName":"GradleWorkerMain.java","lineNumber":74}],"rootCause":{"errorType":"org.openqa.selenium.TimeoutException","message":"Expected condition failed: waiting for By.xpath: //button[@data-testid\u003d\u0027header-profile\u0027] to be enabled (tried for 5 second(s) with 100 milliseconds interval)","stackTrace":[{"declaringClass":"com.co.qvision.tasks.OpenModuleSaveTask","methodName":"performAs","fileName":"OpenModuleSaveTask.java","lineNumber":13},{"declaringClass":"co.com.Senasoft.StepsDefinitions.YourCountStepDefinition","methodName":"theUserSelectsItemsForFavorites","fileName":"YourCountStepDefinition.java","lineNumber":21},{"declaringClass":"cucumber.runner.Runner","methodName":"runPickle","fileName":"Runner.java","lineNumber":80},{"declaringClass":"worker.org.gradle.process.internal.worker.GradleWorkerMain","methodName":"run","fileName":"GradleWorkerMain.java","lineNumber":69},{"declaringClass":"worker.org.gradle.process.internal.worker.GradleWorkerMain","methodName":"main","fileName":"GradleWorkerMain.java","lineNumber":74}],"rootCause":{"errorType":"org.openqa.selenium.NoSuchElementException","message":"no such element: Unable to locate element: {\"method\":\"xpath\",\"selector\":\"//button[@data-testid\u003d\u0027header-profile\u0027]\"}\n  (Session info: chrome\u003d117.0.5938.92)\nFor documentation on this error, please visit: https://www.seleniumhq.org/exceptions/no_such_element.html\nBuild info: version: \u00273.141.59\u0027, revision: \u0027e82be7d358\u0027, time: \u00272018-11-14T08:17:03\u0027\nSystem info: host: \u0027DESKTOP-EBETFGH\u0027, ip: \u0027172.18.1.251\u0027, os.name: \u0027Windows 10\u0027, os.arch: \u0027amd64\u0027, os.version: \u002710.0\u0027, java.version: \u00271.8.0_161\u0027\nDriver info: org.openqa.selenium.chrome.ChromeDriver\nCapabilities {acceptInsecureCerts: false, browserName: chrome, browserVersion: 117.0.5938.92, chrome: {chromedriverVersion: 116.0.5845.96 (1a3918166880..., userDataDir: C:\\Users\\SENA\\AppData\\Local...}, fedcm:accounts: true, goog:chromeOptions: {debuggerAddress: localhost:54637}, javascriptEnabled: true, networkConnectionEnabled: false, pageLoadStrategy: normal, platform: WINDOWS, platformName: WINDOWS, proxy: Proxy(), setWindowRect: true, strictFileInteractability: false, timeouts: {implicit: 0, pageLoad: 300000, script: 30000}, unhandledPromptBehavior: dismiss and notify, webauthn:extension:credBlob: true, webauthn:extension:largeBlob: true, webauthn:extension:minPinLength: true, webauthn:extension:prf: true, webauthn:virtualAuthenticators: true}\nSession ID: ce2247f6b2b0e4bb425611f0a6c37bea\n*** Element info: {Using\u003dxpath, value\u003d//button[@data-testid\u003d\u0027header-profile\u0027]}","stackTrace":[{"declaringClass":"com.co.qvision.tasks.OpenModuleSaveTask","methodName":"performAs","fileName":"OpenModuleSaveTask.java","lineNumber":13},{"declaringClass":"co.com.Senasoft.StepsDefinitions.YourCountStepDefinition","methodName":"theUserSelectsItemsForFavorites","fileName":"YourCountStepDefinition.java","lineNumber":21},{"declaringClass":"cucumber.runner.Runner","methodName":"runPickle","fileName":"Runner.java","lineNumber":80},{"declaringClass":"worker.org.gradle.process.internal.worker.GradleWorkerMain","methodName":"run","fileName":"GradleWorkerMain.java","lineNumber":69},{"declaringClass":"worker.org.gradle.process.internal.worker.GradleWorkerMain","methodName":"main","fileName":"GradleWorkerMain.java","lineNumber":74}]}}},"testFailureClassname":"net.thucydides.core.webdriver.exceptions.ElementShouldBeEnabledException","testFailureMessage":"Expected enabled element was not enabled","testFailureSummary":"FAILURE;net.thucydides.core.webdriver.exceptions.ElementShouldBeEnabledException;Expected enabled element was not enabled;OpenModuleSaveTask.java","projectKey":"","annotatedResult":"FAILURE","isManualTestingUpToDate":false,"dataTable":{"headers":["email","password"],"rows":[{"values":["lenovo.esucre@gmail.com","3Felipe180"],"result":"FAILURE"}],"predefinedRows":true,"scenarioOutline":"Given the user Enter the website\n\rWhen the user selects items for favorites\n\rThen he will see these elements in his profile\n\r","dataSetDescriptors":[{"startRow":0,"rowCount":0,"name":""}]},"manual":false,"testSource":"Cucumber","actors":[{"name":"User","can":["browse the web"]}],"result":"FAILURE","scenarioOutline":"Given the user Enter the website\r\nWhen the user selects items for favorites\r\n|email | password|\r\n|\u003cemail\u003e | \u003cpassword\u003e|\r\nThen he will see these elements in his profile"}