<?xml version="1.0" encoding="UTF-8"?><testsuite errors="0" failures="1" name="flights" skipped="0" tests="1" time="22.59" timestamp="2023-09-28 08:45:40"><testcase name=""><failure message="Expected enabled element was not enabled" type="net.thucydides.core.webdriver.exceptions.ElementShouldBeEnabledException">Expected enabled element was not enabled</failure><system-err>Expected enabled element was not enabled&#13;
com.co.qvision.tasks.FlighTask.performAs(FlighTask.java:35)&#13;
co.com.Senasoft.StepsDefinitions.FlightStepDefinition.theUserSelectsAStopoverInTheFlightsModuleAndMakesTheReservation(FlightStepDefinition.java:20)&#13;
cucumber.runner.Runner.runPickle(Runner.java:80)&#13;
</system-err></testcase></testsuite>