<?xml version="1.0" encoding="UTF-8"?><testsuite errors="0" failures="1" name="Register" skipped="0" tests="1" time="11.88" timestamp="2023-09-27 05:22:55"><testcase name="incorrect registratio"><failure message="Expected enabled element was not enabled" type="net.thucydides.core.webdriver.exceptions.ElementShouldBeEnabledException">Expected enabled element was not enabled</failure><system-err>Expected enabled element was not enabled&#13;
com.co.qvision.tasks.RegisterIncorrectlyTask.performAs(RegisterIncorrectlyTask.java:25)&#13;
co.com.Senasoft.StepsDefinitions.RegisterStepDefinition.heEntersIncorrectData(RegisterStepDefinition.java:71)&#13;
cucumber.runner.Runner.runPickle(Runner.java:80)&#13;
worker.org.gradle.process.internal.worker.GradleWorkerMain.run(GradleWorkerMain.java:69)&#13;
worker.org.gradle.process.internal.worker.GradleWorkerMain.main(GradleWorkerMain.java:74)&#13;
</system-err></testcase></testsuite>