<?xml version="1.0" encoding="UTF-8"?><testsuite errors="1" failures="1" name="car rental" skipped="0" tests="2" time="21.53" timestamp="2023-09-27 03:52:27"><testcase name=""><error message="Expected enabled element was not enabled" type="net.thucydides.core.webdriver.exceptions.ElementShouldBeEnabledException">Expected enabled element was not enabled</error><system-err>Expected enabled element was not enabled&#13;
com.co.qvision.tasks.CarRentalTask.performAs(CarRentalTask.java:29)&#13;
co.com.Senasoft.StepsDefinitions.CarRentalStepDefinition.youClickOnCarRentalAndInTheSearchSessionFillOutTheRequiredData(CarRentalStepDefinition.java:23)&#13;
cucumber.runner.Runner.runPickle(Runner.java:80)&#13;
worker.org.gradle.process.internal.worker.GradleWorkerMain.run(GradleWorkerMain.java:69)&#13;
worker.org.gradle.process.internal.worker.GradleWorkerMain.main(GradleWorkerMain.java:74)&#13;
</system-err></testcase></testsuite>