<?xml version="1.0" encoding="UTF-8"?><testsuite errors="1" failures="0" name="login" skipped="0" tests="1" time="4.98" timestamp="2023-09-27 12:33:51"><testcase name="Incomplete Login"><error type="java.lang.NullPointerException"/><system-err>null&#13;
com.co.qvision.tasks.LoginIncompleteTasks.performAs(LoginIncompleteTasks.java:23)&#13;
co.com.Senasoft.StepsDefinitions.LoginStepDefinition.heClicksOnTheLoginAndDonTFillOutAField(LoginStepDefinition.java:35)&#13;
cucumber.runner.Runner.runPickle(Runner.java:80)&#13;
worker.org.gradle.process.internal.worker.GradleWorkerMain.run(GradleWorkerMain.java:69)&#13;
worker.org.gradle.process.internal.worker.GradleWorkerMain.main(GradleWorkerMain.java:74)&#13;
</system-err></testcase></testsuite>