<?xml version="1.0" encoding="UTF-8"?><testsuite errors="1" failures="0" name="flights" skipped="0" tests="1" time="17.93" timestamp="2023-09-28 09:32:06"><testcase name=""><error message="element click intercepted: Element &lt;button aria-label=&quot; ...&quot; aria-current=&quot;page&quot; type=&quot;button&quot; class=&quot;Actionable-module__root___o3y3+ Pagination-module__link___Oi-ZE&quot;&gt;1&lt;/button&gt; is not clickable at point (727, 285). Other element would receive the click: &lt;div data-testid=&quot;timeline_leg_0&quot; class=&quot;css-vvcyi3&quot;&gt;...&lt;/div&gt;&#10;  (Session info: chrome=117.0.5938.132)&#10;Build info: version: '3.141.59', revision: 'e82be7d358', time: '2018-11-14T08:17:03'&#10;System info: host: 'DESKTOP-59VBOP8', ip: '172.18.1.252', os.name: 'Windows 10', os.arch: 'amd64', os.version: '10.0', java.version: '1.8.0_161'&#10;Driver info: org.openqa.selenium.chrome.ChromeDriver&#10;Capabilities {acceptInsecureCerts: false, browserName: chrome, browserVersion: 117.0.5938.132, chrome: {chromedriverVersion: 116.0.5845.96 (1a3918166880..., userDataDir: C:\Users\WS\AppData\Local\T...}, fedcm:accounts: true, goog:chromeOptions: {debuggerAddress: localhost:58719}, javascriptEnabled: true, networkConnectionEnabled: false, pageLoadStrategy: normal, platform: WINDOWS, platformName: WINDOWS, proxy: Proxy(), setWindowRect: true, strictFileInteractability: false, timeouts: {implicit: 0, pageLoad: 300000, script: 30000}, unhandledPromptBehavior: dismiss and notify, webauthn:extension:credBlob: true, webauthn:extension:largeBlob: true, webauthn:extension:minPinLength: true, webauthn:extension:prf: true, webauthn:virtualAuthenticators: true}&#10;Session ID: 75fab6de2473f51259059d356eddc2ec" type="org.openqa.selenium.ElementClickInterceptedException">element click intercepted: Element &lt;button aria-label=" ..." aria-current="page" type="button" class="Actionable-module__root___o3y3+ Pagination-module__link___Oi-ZE"&gt;1&lt;/button&gt; is not clickable at point (727, 285). Other element would receive the click: &lt;div data-testid="timeline_leg_0" class="css-vvcyi3"&gt;...&lt;/div&gt;
  (Session info: chrome=117.0.5938.132)
Build info: version: '3.141.59', revision: 'e82be7d358', time: '2018-11-14T08:17:03'
System info: host: 'DESKTOP-59VBOP8', ip: '172.18.1.252', os.name: 'Windows 10', os.arch: 'amd64', os.version: '10.0', java.version: '1.8.0_161'
Driver info: org.openqa.selenium.chrome.ChromeDriver
Capabilities {acceptInsecureCerts: false, browserName: chrome, browserVersion: 117.0.5938.132, chrome: {chromedriverVersion: 116.0.5845.96 (1a3918166880..., userDataDir: C:\Users\WS\AppData\Local\T...}, fedcm:accounts: true, goog:chromeOptions: {debuggerAddress: localhost:58719}, javascriptEnabled: true, networkConnectionEnabled: false, pageLoadStrategy: normal, platform: WINDOWS, platformName: WINDOWS, proxy: Proxy(), setWindowRect: true, strictFileInteractability: false, timeouts: {implicit: 0, pageLoad: 300000, script: 30000}, unhandledPromptBehavior: dismiss and notify, webauthn:extension:credBlob: true, webauthn:extension:largeBlob: true, webauthn:extension:minPinLength: true, webauthn:extension:prf: true, webauthn:virtualAuthenticators: true}
Session ID: 75fab6de2473f51259059d356eddc2ec</error><system-err>element click intercepted: Element &lt;button aria-label=" ..." aria-current="page" type="button" class="Actionable-module__root___o3y3+ Pagination-module__link___Oi-ZE"&gt;1&lt;/button&gt; is not clickable at point (727, 285). Other element would receive the click: &lt;div data-testid="timeline_leg_0" class="css-vvcyi3"&gt;...&lt;/div&gt;
  (Session info: chrome=117.0.5938.132)
Build info: version: '3.141.59', revision: 'e82be7d358', time: '2018-11-14T08:17:03'
System info: host: 'DESKTOP-59VBOP8', ip: '172.18.1.252', os.name: 'Windows 10', os.arch: 'amd64', os.version: '10.0', java.version: '1.8.0_161'
Driver info: org.openqa.selenium.chrome.ChromeDriver
Capabilities {acceptInsecureCerts: false, browserName: chrome, browserVersion: 117.0.5938.132, chrome: {chromedriverVersion: 116.0.5845.96 (1a3918166880..., userDataDir: C:\Users\WS\AppData\Local\T...}, fedcm:accounts: true, goog:chromeOptions: {debuggerAddress: localhost:58719}, javascriptEnabled: true, networkConnectionEnabled: false, pageLoadStrategy: normal, platform: WINDOWS, platformName: WINDOWS, proxy: Proxy(), setWindowRect: true, strictFileInteractability: false, timeouts: {implicit: 0, pageLoad: 300000, script: 30000}, unhandledPromptBehavior: dismiss and notify, webauthn:extension:credBlob: true, webauthn:extension:largeBlob: true, webauthn:extension:minPinLength: true, webauthn:extension:prf: true, webauthn:virtualAuthenticators: true}
Session ID: 75fab6de2473f51259059d356eddc2ec&#13;
com.co.qvision.tasks.FlighTask.performAs(FlighTask.java:35)&#13;
co.com.Senasoft.StepsDefinitions.FlightStepDefinition.theUserSelectsAStopoverInTheFlightsModuleAndMakesTheReservation(FlightStepDefinition.java:20)&#13;
cucumber.runner.Runner.runPickle(Runner.java:80)&#13;
</system-err></testcase></testsuite>