<?xml version="1.0" encoding="UTF-8"?><testsuite errors="0" failures="1" name="Accommodation" skipped="0" tests="1" time="18.18" timestamp="2023-09-28 04:32:02"><testcase name="Book a successful accommodation"><failure message="Expected enabled element was not enabled" type="net.thucydides.core.webdriver.exceptions.ElementShouldBeEnabledException">Expected enabled element was not enabled</failure><system-err>Expected enabled element was not enabled&#13;
com.co.qvision.tasks.SearchAccommodationTasks.performAs(SearchAccommodationTasks.java:30)&#13;
co.com.Senasoft.StepsDefinitions.AccommodationStepDefinition.heClicksOnTheAccommodationsOption(AccommodationStepDefinition.java:47)&#13;
cucumber.runner.Runner.runPickle(Runner.java:80)&#13;
worker.org.gradle.process.internal.worker.GradleWorkerMain.run(GradleWorkerMain.java:69)&#13;
worker.org.gradle.process.internal.worker.GradleWorkerMain.main(GradleWorkerMain.java:74)&#13;
</system-err></testcase></testsuite>