<?xml version="1.0" encoding="UTF-8"?><testsuite errors="1" failures="0" name="Accommodation" skipped="0" tests="1" time="6.79" timestamp="2023-09-28 04:42:42"><testcase name="Search Accommodations Filters successful"><error message="Arity mismatch: Step Definition 'co.com.Senasoft.StepsDefinitions.AccommodationStepDefinition.theIsInTheResultsModuleAndSelectSeveralFilters() in file:/C:/scrrenplay/Screenplaysenasoft2023/build/classes/java/test/' with pattern [^the is in the Results module and select several filters$] is declared with 0 parameters. However, the gherkin step has 1 arguments [Table:[[city], [Popayan]]]. &#10;Step text: the is in the Results module and select several filters" type="cucumber.runtime.CucumberException">Arity mismatch: Step Definition 'co.com.Senasoft.StepsDefinitions.AccommodationStepDefinition.theIsInTheResultsModuleAndSelectSeveralFilters() in file:/C:/scrrenplay/Screenplaysenasoft2023/build/classes/java/test/' with pattern [^the is in the Results module and select several filters$] is declared with 0 parameters. However, the gherkin step has 1 arguments [Table:[[city], [Popayan]]]. 
Step text: the is in the Results module and select several filters</error><system-err>Arity mismatch: Step Definition 'co.com.Senasoft.StepsDefinitions.AccommodationStepDefinition.theIsInTheResultsModuleAndSelectSeveralFilters() in file:/C:/scrrenplay/Screenplaysenasoft2023/build/classes/java/test/' with pattern [^the is in the Results module and select several filters$] is declared with 0 parameters. However, the gherkin step has 1 arguments [Table:[[city], [Popayan]]]. 
Step text: the is in the Results module and select several filters&#13;
cucumber.runner.Runner.runPickle(Runner.java:80)&#13;
worker.org.gradle.process.internal.worker.GradleWorkerMain.run(GradleWorkerMain.java:69)&#13;
worker.org.gradle.process.internal.worker.GradleWorkerMain.main(GradleWorkerMain.java:74)&#13;
</system-err></testcase></testsuite>